-7.51955 -7.51859
-7.5364 -7.53606
-7.54379 -7.54364
-7.51988 -7.51879
-7.5258 -7.52572
-7.52637 -7.52584
-7.52898 -7.52921
-7.53768 -7.53758
-7.51533 -7.51529
-7.51991 -7.51957
-7.53446 -7.53354
-7.53344 -7.5335
-7.53416 -7.53388
-7.53486 -7.53481
-7.53095 -7.5311
-7.53302 -7.53295
-7.50204 -7.50181
-7.5386 -7.53869
-7.51546 -7.51482
-7.52742 -7.52809
-7.52774 -7.52797
-7.53222 -7.53213
-7.54046 -7.54086
-7.54181 -7.54213
-7.53235 -7.53223
-7.53291 -7.53286
-7.53553 -7.53625
-7.5218 -7.52132
-7.5426 -7.54291
-7.5298 -7.52998
-7.52978 -7.52989
-7.54326 -7.54376
-7.51796 -7.51698
-7.52942 -7.52951
-7.54754 -7.54741
-7.53908 -7.53931
-7.5334 -7.53327
-7.51848 -7.51936
-7.53468 -7.53395
-7.54203 -7.54225
-7.54563 -7.54586
-7.52144 -7.5214
-7.5277 -7.5285
-7.53595 -7.5352
-7.52516 -7.52631
-7.53788 -7.53772
-7.52342 -7.52373
-7.51764 -7.51839
-7.52287 -7.52284
-7.52697 -7.52662
-7.52453 -7.52449
-7.51479 -7.51519
-7.52341 -7.52317
-7.53215 -7.53171
-7.51843 -7.5195
-7.52094 -7.52103
-7.53705 -7.5368
-7.53427 -7.53442
-7.52921 -7.52829
-7.53143 -7.53195
-7.52982 -7.52953
-7.531 -7.53111
-7.53213 -7.53176
-7.52021 -7.52086
-7.54262 -7.5423
-7.51834 -7.51849
-7.53606 -7.53655
-7.53305 -7.53266
-7.5418 -7.54169
-7.51704 -7.51666
-7.51549 -7.51599
-7.53078 -7.53096
-7.53739 -7.53744
-7.53125 -7.53133
-7.53966 -7.53981
-7.51967 -7.5199
-7.52782 -7.528
-7.54403 -7.54405
-7.5159 -7.51662
-7.54099 -7.54115
-7.53399 -7.53363
-7.53299 -7.53296
-7.53245 -7.53224
-7.53986 -7.5393
-7.52729 -7.52707
-7.51734 -7.51707
-7.53599 -7.53588
-7.52161 -7.52186
-7.5258 -7.5261
-7.53338 -7.53382
-7.5164 -7.51651
-7.54244 -7.54293
-7.5452 -7.54514
-7.54689 -7.54691
-7.52723 -7.52775
-7.54031 -7.5395
-7.53072 -7.53094
-7.53696 -7.53663
-7.53896 -7.53916
-7.53662 -7.53596
-7.53531 -7.53557
-7.5297 -7.52982
-7.52829 -7.52794
-7.52097 -7.52089
