-0.0553031 0.414292 -0.0340975 0.0373409 -0.0376999 0.0525371 -0.06819 0.41026 -0.0321733 0.0428106 -0.035519 0.0659067
0.195001 0.348631 -0.152246 0.0294806 0.282532 0.0410238 0.200612 0.361562 -0.131155 0.0105936 0.293318 0.0421047
0.0246728 -0.178761 -0.47775 0.0557163 0.0805476 0.236077 -0.000999554 -0.180721 -0.477124 0.0406453 0.0898153 0.245435
-0.116712 0.163858 0.230494 -0.0379165 0.395984 0.214941 -0.117187 0.149969 0.236859 -0.0260772 0.430143 0.225466
-0.282618 -0.356023 -0.625344 0.0152601 0.0191456 0.130968 -0.278033 -0.341286 -0.614091 0.00835297 0.0306327 0.138101
0.211828 0.34411 0.240166 -0.00229101 0.125886 0.110247 0.20324 0.34216 0.237126 0.00938629 0.132785 0.108981
-0.299334 -0.364455 -0.101143 -0.0479269 -0.0438189 0.172164 -0.297851 -0.372567 -0.087814 -0.0398921 -0.0436351 0.187362
0.470204 0.177207 -0.386944 0.0179307 -0.314921 -0.120872 0.481725 0.181812 -0.39619 0.0177237 -0.329874 -0.140955
0.0548481 0.2282 -0.300791 -0.0641662 -0.153231 -0.198479 0.0739584 0.257776 -0.292036 -0.0556301 -0.160352 -0.208808
-0.170253 0.062623 -0.243558 -0.00563881 0.158267 -0.0825871 -0.149157 0.058278 -0.228854 -0.0135156 0.159817 -0.102651
0.260561 0.0926053 0.254837 0.00400274 -0.361254 -0.0726719 0.251518 0.0865606 0.256466 0.00229054 -0.38259 -0.0659264
0.532405 0.575819 -0.255424 -0.0498561 0.0185977 -0.180462 0.544216 0.563207 -0.26234 -0.0477031 0.0227633 -0.183312
0.500085 0.402915 0.331446 -0.150426 -0.282294 -0.128625 0.514114 0.407176 0.335253 -0.141237 -0.303584 -0.136684
0.443948 0.395306 -0.113432 -0.0737574 0.0676294 0.0382563 0.458047 0.392078 -0.1102 -0.0700785 0.0635991 0.053055
-0.0319059 -0.0459469 -0.668024 -0.0670736 -0.182052 -0.0981969 -0.0465874 -0.0478742 -0.668915 -0.0576731 -0.189771 -0.0999384
-0.337284 -0.377265 -0.49252 -0.0170951 0.178977 -0.138522 -0.344245 -0.359024 -0.482827 -0.018438 0.184773 -0.137604
-0.160655 -0.044014 0.0972503 -0.0624962 0.279991 0.0667074 -0.163882 -0.0673535 0.0876059 -0.0716554 0.281357 0.0753765
-0.134466 0.0148454 -0.0706605 -0.0030791 0.113874 -0.0044049 -0.134962 -0.00667638 -0.0598618 -0.00406668 0.114187 -0.0178395
-0.584865 -0.304482 -0.465292 -0.0182255 0.219367 0.198762 -0.55679 -0.300738 -0.453276 -0.0251533 0.232075 0.21106
-0.0841208 -0.291574 0.215582 -0.0298403 -0.118016 -0.256182 -0.0793057 -0.28313 0.217784 -0.023378 -0.116582 -0.276634
-0.19298 -0.241465 -0.826699 -0.0325809 -0.0152573 0.01874 -0.201285 -0.234141 -0.820109 -0.0192269 -0.0141951 0.013756
0.396409 0.456747 0.429227 0.060332 0.321112 0.220724 0.405639 0.455968 0.444699 0.0574342 0.339791 0.243546
0.263919 -0.0179289 -0.51006 0.0163422 0.113441 -0.0456227 0.245296 -0.0465085 -0.507848 0.0123322 0.117926 -0.0397372
0.653931 0.33674 0.162519 -0.029861 0.149501 0.0936739 0.642798 0.348511 0.17028 -0.0227241 0.166272 0.0981586
0.397039 -0.192357 0.508929 -0.00392135 0.120008 0.0690501 0.371002 -0.170362 0.506377 0.00413811 0.120209 0.0746052
-0.0968628 -0.311151 -0.263393 -0.0433667 -0.0634316 -0.13106 -0.0919235 -0.312366 -0.247546 -0.0341796 -0.068237 -0.137366
-0.351371 -0.0142673 0.0230699 -0.0715207 -0.173546 0.301256 -0.336217 -0.0139945 0.036415 -0.0711943 -0.173935 0.313914
0.653758 0.584083 -0.0125248 -0.0285193 -0.140834 -0.389295 0.685579 0.587982 -0.00792254 -0.0370337 -0.161023 -0.434494
0.317734 0.0861775 -0.0884818 -0.0171782 -0.252338 -0.317564 0.298824 0.0876199 -0.08744 -0.016326 -0.259197 -0.333778
0.0920505 -0.454693 -0.327105 -0.0348135 0.200862 0.308496 0.0589172 -0.439931 -0.332542 -0.0309788 0.213592 0.324905
-0.390354 0.401248 0.257829 0.00339409 0.134433 0.113448 -0.345962 0.377107 0.255065 0.000380733 0.140375 0.116796
0.294357 0.43854 0.0667646 0.0441391 0.141354 0.0444106 0.26654 0.439562 0.0575427 0.0511794 0.151244 0.0484815
-0.302088 -0.400811 -0.2126 -0.0557909 -0.321141 -0.18799 -0.309862 -0.390958 -0.209653 -0.0579833 -0.331574 -0.201387
0.0261286 -0.321062 -0.546848 -0.000559967 -0.16957 0.0149485 0.0119075 -0.302874 -0.559222 -0.0030841 -0.176896 0.00753068
0.199221 -0.0540533 -0.00133326 0.0187485 0.0443817 -0.00752086 0.175517 -0.0749932 -0.00290369 0.0104478 0.0510543 -0.00419088
0.0818641 -0.0345932 -0.292133 0.000392701 -0.00708156 0.0704554 0.0713188 -0.0405429 -0.289268 0.00152817 -0.00597536 0.0719594
0.593436 -0.00724859 -0.570171 0.0355387 -0.125976 0.0373556 0.588405 0.00309947 -0.564922 0.0324248 -0.125529 0.0373101
-0.479742 0.249121 0.0395819 0.0107789 -0.178058 -0.0918929 -0.448451 0.21127 0.00692498 0.0199278 -0.179866 -0.0933658
-0.0230364 0.0981542 -0.499859 0.0715417 -0.0250083 0.403594 0.000398769 0.0913192 -0.501901 0.0703164 -0.0216715 0.427053
0.356163 0.12669 0.313127 -0.0756454 -0.0745502 -0.219597 0.341391 0.133904 0.322645 -0.0741941 -0.0827786 -0.222758
0.163719 0.0692211 -0.437374 -0.0280704 0.103432 -0.00420875 0.152701 0.0676945 -0.422226 -0.0408503 0.107684 -0.00546141
0.0047622 0.0230433 -0.0524574 0.0216541 -0.0824606 0.0549348 -0.0151286 0.00960231 -0.0916583 0.0266019 -0.0889157 0.0496301
0.23289 0.174198 -0.165857 0.00551161 0.0189961 0.0707856 0.223644 0.169753 -0.192034 0.0133521 0.0277785 0.0712884
0.196749 0.151202 0.358814 -0.0338978 0.465805 -0.0281334 0.193245 0.140872 0.375062 -0.0381724 0.484697 -0.02395
0.188794 0.181031 0.0807139 0.0386126 0.207086 -0.016873 0.175138 0.191768 0.0612088 0.0398755 0.216421 -0.0243989
0.28342 0.265342 -0.311951 0.061702 0.143023 0.0247444 0.273025 0.245998 -0.314347 0.0568005 0.150028 0.0326074
0.211387 -0.0608906 0.114454 -0.0741158 0.00197183 0.153522 0.191385 -0.0459012 0.100415 -0.0630781 -0.00520929 0.148243
-0.190912 -0.0975293 -0.336604 0.0132222 0.162018 0.00160452 -0.169383 -0.088918 -0.345552 0.00559814 0.169615 0.00267213
-0.254957 -0.254848 -0.127525 0.013671 0.246366 -0.102951 -0.252449 -0.241881 -0.12821 0.0224423 0.263088 -0.116776
0.200766 0.591644 0.42558 -0.0404043 -0.511527 0.118171 0.207896 0.576316 0.427909 -0.034947 -0.54512 0.126449
0.200891 0.284197 0.118674 -0.0173808 0.174774 0.292406 0.204344 0.275122 0.108869 -0.00676375 0.169591 0.303043
-0.0692003 0.158937 0.143094 0.0491517 -0.0516187 0.194526 -0.0733726 0.138034 0.119758 0.0408919 -0.0542657 0.198967
0.2085 0.247969 0.236715 -0.0385073 0.230888 0.306986 0.206382 0.256799 0.2459 -0.0280345 0.248633 0.321494
0.188664 0.313378 -0.617119 0.00129519 0.304854 -0.216754 0.200328 0.311792 -0.621232 0.00783705 0.321323 -0.231926
-0.379769 -0.164247 -0.17625 0.029482 -0.11379 -0.0897697 -0.343016 -0.151737 -0.169543 0.0255184 -0.109934 -0.0867597
0.302098 0.140146 -0.309318 0.0469676 -0.033359 -0.0871441 0.310055 0.144276 -0.33383 0.0296536 -0.0336916 -0.0780616
-0.0422611 -0.150349 0.229935 -0.0359612 0.039677 -0.120664 -0.0436685 -0.142489 0.228945 -0.0437282 0.0430732 -0.131595
0.081793 0.0570716 -0.164119 0.0492283 -0.0230089 -0.0198481 0.0632407 0.0488133 -0.171653 0.0427261 -0.0307454 -0.0189591
0.465636 0.412185 -0.0670789 -0.0476337 -0.209011 0.210541 0.47314 0.436338 -0.0490225 -0.0353544 -0.211307 0.224095
-0.120457 -0.309658 -0.618804 -0.00355027 -0.152214 0.328967 -0.111044 -0.319302 -0.620534 0.00197478 -0.160464 0.344537
0.337152 0.685121 -0.202376 0.094719 0.163398 0.087371 0.350765 0.679486 -0.221962 0.0839008 0.170273 0.0918568
0.028411 -0.0336693 -0.6795 0.0107164 0.111274 0.0553624 0.0197086 -0.0468248 -0.680215 0.00618228 0.116617 0.0576445
0.821123 0.0529139 0.500242 0.053235 -0.321264 0.304986 0.804996 0.0708392 0.503849 0.0442214 -0.343665 0.318722
-0.335649 -0.3425 -0.482518 0.0180124 -0.256064 0.0464706 -0.333304 -0.336192 -0.474901 0.0196297 -0.25572 0.0414819
0.117594 0.263711 -0.167604 0.0220059 -0.111011 -0.0636278 0.0997019 0.259182 -0.150928 0.0130786 -0.113803 -0.0655447
-0.333025 -0.235845 0.105497 -0.0187525 0.213303 -0.210122 -0.335325 -0.256348 0.0894424 -0.0133276 0.223193 -0.211878
0.236359 0.0931986 0.493231 -0.0580699 0.0109474 0.13744 0.230173 0.107419 0.514875 -0.0558446 0.0151714 0.140798
0.107547 -0.234413 -0.384871 0.0566664 -0.0680379 -0.38624 0.0939329 -0.257354 -0.380229 0.052086 -0.0718455 -0.406224
0.487465 0.56117 0.257383 -0.0269038 -0.0864317 -0.065065 0.471705 0.543587 0.264436 -0.0113717 -0.0923775 -0.0620878
-0.0114442 -0.717965 -0.170476 -0.0189741 -0.0540135 -0.150412 -0.0443032 -0.696131 -0.199739 -0.0204953 -0.0498816 -0.152627
0.158302 -0.363347 -0.239267 -0.105737 -0.0852292 -0.276663 0.122602 -0.333589 -0.261601 -0.0884498 -0.0846001 -0.285501
0.625605 0.184574 0.244122 -0.0102048 0.0154701 0.0160758 0.611853 0.191511 0.243205 -0.00185154 0.0201933 0.0160696
0.0108834 -0.042383 -0.410227 0.0551694 0.200424 -0.136977 0.023893 -0.0479486 -0.413617 0.0439178 0.203423 -0.143834
0.272121 0.460973 -0.306316 0.0381042 0.307782 0.166843 0.26048 0.451871 -0.312233 0.0304299 0.322546 0.165128
0.200465 0.0918871 0.266034 0.0925775 -0.168969 0.0950711 0.195965 0.0861293 0.286554 0.0865601 -0.179472 0.0929303
-0.200642 -0.333555 -0.624968 0.0138733 -0.0266565 -0.00709292 -0.207602 -0.317153 -0.6091 0.00146767 -0.0165267 -0.0151542
-0.173982 -0.122144 0.130908 -0.0190533 -0.0221376 0.299808 -0.176133 -0.123391 0.125747 -0.0167889 -0.0171561 0.316377
-0.0949166 -0.122552 -0.24414 -0.0464014 0.14842 -0.255562 -0.115784 -0.137227 -0.24314 -0.0442177 0.164346 -0.265916
-0.0117785 0.460531 -0.170914 -0.00693108 0.481913 -0.254325 0.00368164 0.442136 -0.202111 -0.00439789 0.503209 -0.276366
0.3464 0.745643 -0.00206727 -0.019302 -0.139496 -0.00547029 0.356265 0.738861 0.00892994 -0.0226609 -0.147813 -0.00799963
0.493195 0.314751 0.101082 0.00210359 0.0258838 -0.133947 0.475439 0.315711 0.104305 0.00334864 0.0197185 -0.150998
-0.184519 -0.138506 -0.132709 0.13224 -0.100593 0.137294 -0.193167 -0.135205 -0.118733 0.116955 -0.106136 0.14492
-0.148733 -0.309482 -0.321875 0.122685 -0.0976609 0.227682 -0.16246 -0.30716 -0.319571 0.0961855 -0.111896 0.232483
0.193943 -0.0297457 0.0632964 0.0286941 -0.17011 0.222456 0.165439 -0.00864702 0.0663432 0.0162916 -0.178067 0.232875
0.222258 0.358532 -0.128709 -0.00507927 0.292312 0.161407 0.234981 0.354903 -0.115835 -0.0109904 0.295848 0.164737
-0.223002 0.17224 -0.110643 0.00823779 0.329617 0.0687945 -0.176971 0.164544 -0.123931 0.0113202 0.346175 0.0818932
0.340162 0.0357352 0.0240568 -0.0443498 0.186383 -0.29583 0.319132 0.0234952 0.0255745 -0.0438026 0.195434 -0.305837
0.0405687 0.151142 0.258664 -0.0361621 -0.0503651 -0.0259998 0.056431 0.146167 0.24199 -0.020782 -0.0536442 -0.0319115
0.0860567 -0.0781013 -0.563533 -0.00764797 0.22791 -0.312631 0.0909633 -0.0600008 -0.55123 -0.0109756 0.234968 -0.324586
-0.142845 0.358238 -0.55738 0.00111699 0.40697 -0.259991 -0.136931 0.345972 -0.560718 0.000171864 0.436302 -0.263768
0.520006 0.124206 0.0704959 0.00467624 0.205779 -0.0409012 0.517625 0.138185 0.0677523 0.0157804 0.216418 -0.0418377
0.197953 0.32312 -0.208112 -0.0152995 -0.174532 -0.14459 0.196473 0.319835 -0.199212 -0.0112584 -0.179637 -0.159311
0.209931 -0.00604517 -0.325328 0.0739836 0.00491565 -0.163219 0.201671 -0.0170145 -0.317635 0.0670303 0.0115741 -0.171797
0.650099 0.217964 -0.187022 0.0123752 0.0928432 0.200257 0.638446 0.22054 -0.169711 0.0136461 0.0969687 0.214442
-0.27039 0.0083895 0.00851652 0.0404183 0.158923 0.295584 -0.26133 0.0252903 0.0169996 0.0513802 0.173398 0.313993
-0.0864703 0.0300767 -0.0454954 -0.0536683 -0.162173 -0.349693 -0.0798547 0.0161168 -0.038816 -0.0425892 -0.167617 -0.363794
0.0503138 -0.0956029 -0.312732 -0.0248762 0.0531285 -0.340474 0.0362134 -0.0966022 -0.325956 -0.0189646 0.0462273 -0.349157
-0.203993 -0.000228037 -0.559829 -0.0113963 0.271739 -0.0687971 -0.202167 -0.0072836 -0.552823 -0.00345803 0.285939 -0.0692542
0.101858 -0.194027 0.0784921 -0.0177416 0.10781 0.0949924 0.089765 -0.193264 0.0784069 -0.0259383 0.114789 0.108078
0.141483 0.377554 0.0870268 0.0156269 0.26295 -0.0329156 0.134892 0.377448 0.0958862 0.024861 0.278206 -0.0379984
0.441827 0.321578 0.341998 -0.0111475 -0.0127893 -0.1222 0.423161 0.312824 0.345329 -0.00321175 -0.0112462 -0.112405
0.28254 0.186175 -0.445977 0.0425305 0.030333 0.372296 0.304703 0.172665 -0.446759 0.0338024 0.0323227 0.400777
-0.126179 0.347551 0.0151615 0.0389863 0.387391 0.0117844 -0.107511 0.33126 0.00152919 0.0341283 0.402878 0.00347755
-0.0861462 -0.19212 -0.432537 -0.0060021 0.00571162 -0.151042 -0.0996671 -0.197578 -0.448053 -0.00306589 -0.00146038 -0.159149
