-0.0297429 0.222813 -0.0183382 0.0200825 -0.0202756 0.0282553 -0.0366737 0.220645 -0.0173033 0.0230242 -0.0191027 0.0354457
0.104111 0.186133 -0.0812836 0.0157396 0.150843 0.0219025 0.107106 0.193037 -0.0700231 0.00565589 0.156601 0.0224796
0.0132908 -0.0962956 -0.257357 0.0300135 0.0433898 0.127171 -0.000538444 -0.0973517 -0.25702 0.021895 0.0483821 0.132212
-0.0632506 0.0888007 0.124913 -0.0205484 0.214599 0.116485 -0.0635083 0.0812737 0.128363 -0.0141322 0.233111 0.122189
-0.153454 -0.193311 -0.339546 0.00828584 0.0103956 0.0711122 -0.150965 -0.18531 -0.333435 0.00453544 0.0166328 0.0749854
0.113752 0.184787 0.12897 -0.00123027 0.0676007 0.0592028 0.10914 0.18374 0.127337 0.00504044 0.0713054 0.0585227
-0.1637 -0.199313 -0.0553133 -0.0262103 -0.0239637 0.0941532 -0.162889 -0.20375 -0.0480238 -0.0218162 -0.0238632 0.102465
0.249847 0.0941607 -0.205606 0.00952762 -0.167336 -0.0642266 0.255969 0.0966074 -0.210519 0.00941767 -0.175282 -0.0748979
0.0293996 0.122319 -0.161229 -0.0343943 -0.0821349 -0.106389 0.0396431 0.138173 -0.156537 -0.0298188 -0.0859519 -0.111925
-0.0919986 0.0338392 -0.13161 -0.00304701 0.085522 -0.0446271 -0.0805991 0.0314913 -0.123665 -0.00730333 0.0863593 -0.0554691
0.140488 0.0499305 0.137402 0.00215817 -0.194779 -0.0391829 0.135612 0.0466713 0.13828 0.001235 -0.206283 -0.0355459
0.281273 0.304208 -0.134942 -0.0263392 0.00982524 -0.0953389 0.287512 0.297545 -0.138596 -0.0252018 0.012026 -0.0968447
0.266974 0.215099 0.176945 -0.0803062 -0.150705 -0.0686673 0.274464 0.217374 0.178977 -0.0754004 -0.162071 -0.0729696
0.236016 0.210156 -0.0603039 -0.0392116 0.0359537 0.0203381 0.243511 0.20844 -0.0585853 -0.0372558 0.0338111 0.0282056
-0.017141 -0.0246843 -0.358887 -0.0360344 -0.097805 -0.0527549 -0.0250284 -0.0257198 -0.359365 -0.0309841 -0.101952 -0.0536906
-0.183493 -0.205244 -0.267947 -0.00930027 0.0973691 -0.0753602 -0.18728 -0.195321 -0.262673 -0.0100309 0.100523 -0.0748608
-0.0875663 -0.0239903 0.0530072 -0.0340642 0.152612 0.0363595 -0.0893252 -0.0367117 0.0477504 -0.0390564 0.153356 0.0410847
-0.0727765 0.00803478 -0.0382435 -0.00166649 0.0616319 -0.00238406 -0.0730452 -0.00361344 -0.0323989 -0.002201 0.0618012 -0.00965522
-0.319581 -0.166375 -0.254245 -0.00995877 0.119866 0.108607 -0.30424 -0.164329 -0.247679 -0.0137442 0.12681 0.115327
-0.0459414 -0.159239 0.117737 -0.0162969 -0.0644527 -0.13991 -0.0433117 -0.154627 0.11894 -0.0127676 -0.0636698 -0.15108
-0.10407 -0.130217 -0.445822 -0.0175702 -0.00822796 0.0101061 -0.108549 -0.126268 -0.442268 -0.0103687 -0.00765511 0.00741833
0.212358 0.244681 0.229938 0.0323201 0.172021 0.118243 0.217302 0.244263 0.238226 0.0307677 0.182027 0.130469
0.141086 -0.00958443 -0.272669 0.00873624 0.0606436 -0.024389 0.13113 -0.0248626 -0.271486 0.00659256 0.063041 -0.0212428
0.347671 0.179032 0.0864053 -0.015876 0.079484 0.049803 0.341752 0.18529 0.0905313 -0.0120816 0.0884006 0.0521873
0.21523 -0.104275 0.275885 -0.00212572 0.065055 0.0374313 0.201116 -0.0923512 0.274501 0.00224322 0.0651641 0.0404427
-0.0525947 -0.168949 -0.143017 -0.0235473 -0.0344422 -0.0711632 -0.0499128 -0.169609 -0.134413 -0.0185589 -0.0370514 -0.074587
-0.191112 -0.00776005 0.0125478 -0.0389003 -0.0943923 0.163854 -0.182869 -0.00761167 0.0198062 -0.0387228 -0.0946037 0.170739
0.345845 0.308987 -0.00662574 -0.015087 -0.0745026 -0.205941 0.362679 0.311049 -0.00419111 -0.0195912 -0.085183 -0.229852
0.170294 0.0461879 -0.0474229 -0.00920686 -0.135243 -0.170202 0.160159 0.046961 -0.0468646 -0.00875011 -0.13892 -0.178893
0.0499014 -0.246493 -0.177327 -0.0188727 0.108889 0.167238 0.0319396 -0.23849 -0.180274 -0.0167939 0.11579 0.176134
-0.211775 0.217685 0.139878 0.00184136 0.0729326 0.0615477 -0.187692 0.204588 0.138378 0.000206556 0.0761566 0.0633643
0.157176 0.234164 0.0356498 0.0235686 0.0754779 0.0237136 0.142322 0.23471 0.0307257 0.0273279 0.0807588 0.0258873
-0.165062 -0.219004 -0.116165 -0.0304843 -0.175472 -0.102718 -0.169309 -0.21362 -0.114555 -0.0316822 -0.181173 -0.110038
0.014106 -0.173331 -0.295225 -0.000302307 -0.0915453 0.00807016 0.00642844 -0.163511 -0.301905 -0.001665 -0.0955001 0.00406556
0.107343 -0.0291248 -0.000718383 0.010102 0.0239136 -0.00405236 0.0945714 -0.0404076 -0.00156456 0.00562944 0.0275089 -0.00225811
0.0440464 -0.0186126 -0.15718 0.00021129 -0.00381018 0.037908 0.0383726 -0.0218138 -0.155639 0.000822222 -0.003215 0.0387172
0.315277 -0.00385098 -0.302917 0.0188808 -0.0669275 0.0198461 0.312604 0.00164667 -0.300128 0.0172264 -0.06669 0.0198219
-0.260682 0.135367 0.021508 0.00585701 -0.0967531 -0.0499327 -0.243679 0.1148 0.00376289 0.0108283 -0.0977354 -0.050733
-0.0123561 0.0526472 -0.268111 0.038373 -0.0134137 0.216477 0.000213889 0.0489811 -0.269206 0.0377158 -0.011624 0.229059
0.191421 0.0680902 0.168291 -0.040656 -0.0400673 -0.118023 0.183482 0.0719674 0.173407 -0.039876 -0.0444898 -0.119723
0.0876141 0.0370436 -0.23406 -0.0150219 0.0553516 -0.00225231 0.0817177 0.0362267 -0.225954 -0.021861 0.0576272 -0.00292267
0.00257582 0.0124638 -0.0283736 0.0117125 -0.044602 0.0297136 -0.00818289 0.00519378 -0.0495769 0.0143887 -0.0480934 0.0268443
0.124901 0.0934243 -0.0889507 0.00295593 0.0101878 0.037963 0.119943 0.09104 -0.10299 0.00716089 0.0148979 0.0382327
0.106202 0.0816163 0.193682 -0.0182974 0.251434 -0.0151859 0.10431 0.0760402 0.202452 -0.0206048 0.261631 -0.0129278
0.101516 0.0973415 0.0434004 0.0207622 0.111352 -0.00907274 0.0941727 0.103115 0.0329123 0.0214413 0.116371 -0.0131194
0.151149 0.141507 -0.166364 0.0329058 0.0762742 0.0131962 0.145605 0.131191 -0.167642 0.0302918 0.0800101 0.0173896
0.114139 -0.0328781 0.0618 -0.0400192 0.0010647 0.082895 0.103339 -0.0247846 0.0542194 -0.0340593 -0.00281278 0.0800443
-0.103358 -0.0528014 -0.182234 0.00715836 0.0877148 0.000868673 -0.0917024 -0.0481393 -0.187078 0.00303078 0.0918281 0.00144667
-0.138918 -0.138859 -0.0694846 0.00744891 0.134237 -0.0560951 -0.137552 -0.131793 -0.0698579 0.0122281 0.143349 -0.0636277
0.107567 0.316995 0.22802 -0.0216481 -0.274069 0.0633142 0.111388 0.308782 0.229268 -0.0187241 -0.292068 0.0677494
0.107957 0.152725 0.0637742 -0.00934027 0.0939221 0.157137 0.109813 0.147848 0.0585054 -0.00363478 0.0911369 0.162852
-0.0374793 0.0860816 0.0775008 0.0266209 -0.027957 0.105357 -0.0397391 0.0747599 0.0648616 0.0221473 -0.0293907 0.107762
0.112139 0.133366 0.127313 -0.0207105 0.12418 0.165107 0.110999 0.138115 0.132253 -0.0150779 0.133723 0.17291
0.100335 0.16666 -0.328195 0.000688807 0.162127 -0.115274 0.106538 0.165817 -0.330383 0.00416789 0.170886 -0.123343
-0.206847 -0.0894594 -0.0959973 0.0160578 -0.0619773 -0.0488944 -0.186829 -0.0826458 -0.0923442 0.013899 -0.0598774 -0.047255
0.161566 0.0749518 -0.165427 0.0251189 -0.0178408 -0.0466058 0.165821 0.0771606 -0.178537 0.0158591 -0.0180187 -0.0417483
-0.0229827 -0.081764 0.125045 -0.0195567 0.0215774 -0.0656202 -0.0237481 -0.0774892 0.124506 -0.0237806 0.0234243 -0.0715648
0.04403 0.0307222 -0.088347 0.0265001 -0.0123859 -0.0106844 0.0340431 0.0262767 -0.0924027 0.0229999 -0.0165506 -0.0102059
0.247538 0.219123 -0.03566 -0.0253227 -0.111113 0.111926 0.251528 0.231963 -0.026061 -0.0187949 -0.112334 0.119132
-0.0650846 -0.167312 -0.334349 -0.00191826 -0.0822434 0.177745 -0.0599988 -0.172523 -0.335283 0.001067 -0.0867009 0.186158
0.17855 0.362828 -0.107175 0.0501616 0.0865325 0.0462702 0.185759 0.359844 -0.117547 0.0444324 0.0901734 0.0486458
0.0152296 -0.0180484 -0.364244 0.00574453 0.0596483 0.0296769 0.0105648 -0.0251003 -0.364628 0.003314 0.0625123 0.0309002
0.439695 0.0283344 0.26787 0.0285063 -0.17203 0.163314 0.43106 0.037933 0.269801 0.0236797 -0.184026 0.17067
-0.182876 -0.186609 -0.262896 0.00981392 -0.139514 0.0253191 -0.181598 -0.183172 -0.258746 0.0106951 -0.139327 0.0226011
0.0629815 0.141239 -0.089766 0.011786 -0.0594555 -0.034078 0.0533987 0.138814 -0.0808348 0.00700467 -0.0609508 -0.0351047
-0.182473 -0.129226 0.0578046 -0.010275 0.116874 -0.115132 -0.183733 -0.14046 0.0490079 -0.00730256 0.122293 -0.116094
0.127847 0.0504113 0.26679 -0.0314101 0.0059215 0.0743413 0.124501 0.0581032 0.278497 -0.0302064 0.00820622 0.0761581
0.0580194 -0.126462 -0.207631 0.0305705 -0.0367052 -0.208369 0.0506751 -0.138838 -0.205126 0.0280994 -0.0387593 -0.219151
0.259553 0.298797 0.137044 -0.014325 -0.0460209 -0.0346441 0.251161 0.289435 0.1408 -0.00605489 -0.0491868 -0.0330589
-0.00626602 -0.393107 -0.0933409 -0.0103889 -0.029574 -0.0823552 -0.0242573 -0.381152 -0.109363 -0.0112218 -0.0273117 -0.0835677
0.0857584 -0.196839 -0.12962 -0.0572817 -0.046172 -0.149879 0.0664183 -0.180718 -0.141719 -0.0479167 -0.0458311 -0.154667
0.334318 0.0986349 0.130457 -0.00545337 0.00826706 0.00859079 0.326969 0.102342 0.129966 -0.000989444 0.0107911 0.00858744
0.00585073 -0.0227845 -0.220532 0.0296583 0.107745 -0.0736369 0.0128446 -0.0257764 -0.222354 0.0236096 0.109357 -0.0773229
0.144689 0.245104 -0.162871 0.0202604 0.163651 0.0887119 0.1385 0.240264 -0.166018 0.0161799 0.171501 0.0877999
0.10817 0.0495819 0.143551 0.0499544 -0.0911749 0.0512999 0.105742 0.046475 0.154623 0.0467074 -0.0968423 0.0501448
-0.108744 -0.180779 -0.338719 0.00751901 -0.0144473 -0.0038442 -0.112516 -0.17189 -0.330119 0.000795444 -0.00895711 -0.00821322
-0.0947448 -0.0665155 0.0712885 -0.0103758 -0.0120554 0.163265 -0.0959161 -0.0671949 0.0684776 -0.00914267 -0.00934267 0.172289
-0.0513365 -0.0662833 -0.132045 -0.0250966 0.0802743 -0.138223 -0.0626229 -0.0742202 -0.131504 -0.0239156 0.088888 -0.143823
-0.00631284 0.246828 -0.0916035 -0.0037148 0.258288 -0.136309 0.00197322 0.236969 -0.108324 -0.00235711 0.269702 -0.148122
0.18361 0.395229 -0.00109576 -0.0102311 -0.0739402 -0.00289954 0.188839 0.391635 0.00473333 -0.0120114 -0.0783484 -0.00424022
0.263357 0.168071 0.0539758 0.00112328 0.0138215 -0.0715253 0.253875 0.168584 0.0556969 0.00178811 0.0105293 -0.0806299
-0.100174 -0.0751935 -0.0720464 0.0717919 -0.0546108 0.0745356 -0.104869 -0.0734018 -0.0644589 0.0634939 -0.0576206 0.078676
-0.0807432 -0.168009 -0.174737 0.066602 -0.0530174 0.123602 -0.0881948 -0.166749 -0.173486 0.0522164 -0.060745 0.126208
0.104583 -0.0160403 0.0341325 0.0154732 -0.0917313 0.119959 0.0892128 -0.00466289 0.0357754 0.00878522 -0.096022 0.125577
0.118774 0.191598 -0.0687817 -0.00271434 0.156211 0.0862554 0.125573 0.189659 -0.0619019 -0.00587322 0.1581 0.0880348
-0.120506 0.0930753 -0.0597895 0.00445153 0.178119 0.0371752 -0.0956317 0.0889163 -0.0669697 0.00611722 0.187066 0.0442534
0.182736 0.019197 0.0129233 -0.0238247 0.100125 -0.15892 0.171438 0.0126217 0.0137387 -0.0235308 0.104987 -0.164296
0.0219396 0.0817377 0.139885 -0.0195565 -0.0272375 -0.0140607 0.0305179 0.0790472 0.130868 -0.0112389 -0.0290108 -0.0172578
0.0461836 -0.0419142 -0.302428 -0.00410439 0.122311 -0.167778 0.0488168 -0.0322003 -0.295826 -0.00589022 0.126099 -0.174194
-0.0763737 0.191536 -0.29801 0.000597209 0.217591 -0.139007 -0.0732116 0.184978 -0.299794 9.18889e-05 0.233274 -0.141026
0.278453 0.0665096 0.0377491 0.00250403 0.11019 -0.0219017 0.277178 0.0739951 0.03628 0.00845011 0.115888 -0.0224032
0.105645 0.172444 -0.111067 -0.00816511 -0.0931455 -0.0771657 0.104855 0.170691 -0.106317 -0.00600844 -0.0958697 -0.085022
0.112559 -0.00324123 -0.174431 0.0396677 0.00263562 -0.0875132 0.10813 -0.00912267 -0.170306 0.0359396 0.00620567 -0.0921122
0.34502 0.115678 -0.0992562 0.00656773 0.0492736 0.10628 0.338836 0.117045 -0.0900689 0.00724222 0.0514631 0.113809
-0.146831 0.00455577 0.00462474 0.0219484 0.0863001 0.160512 -0.14191 0.0137334 0.00923133 0.0279011 0.0941606 0.170508
-0.0467426 0.0162583 -0.0245931 -0.0290111 -0.0876644 -0.189031 -0.0431664 0.00871211 -0.0209824 -0.0230221 -0.0906074 -0.196653
0.0271266 -0.0515442 -0.168609 -0.013412 0.0286442 -0.183566 0.0195244 -0.052083 -0.175739 -0.0102248 0.0249234 -0.188248
-0.109894 -0.000122846 -0.301588 -0.00613937 0.14639 -0.037062 -0.10891 -0.00392378 -0.297814 -0.00186289 0.15404 -0.0373082
0.0551958 -0.105141 0.0425339 -0.00961396 0.0584208 0.0514752 0.0486426 -0.104727 0.0424878 -0.0140557 0.0622027 0.058566
0.0758112 0.202306 0.0466318 0.00837342 0.140897 -0.0176373 0.0722794 0.202249 0.051379 0.0133213 0.149072 -0.0203608
0.236751 0.172316 0.183258 -0.00597333 -0.0068531 -0.0654801 0.226749 0.167625 0.185043 -0.001721 -0.00602622 -0.0602316
0.150676 0.0992856 -0.237836 0.0226812 0.0161763 0.198543 0.162496 0.0920809 -0.238253 0.0180266 0.0172374 0.213731
-0.0679637 0.187201 0.00816645 0.0209992 0.208661 0.00634742 -0.0579084 0.178427 0.000823667 0.0183826 0.217002 0.00187311
-0.0466274 -0.103987 -0.234115 -0.00324869 0.00309147 -0.0817532 -0.0539458 -0.106941 -0.242513 -0.00165944 -0.000790444 -0.086141
